Determining if the pthread_create exist failed with the following output:
Change Dir: /home/sachith/Documents/Personal/Projects/datastructures/build/CMakeFiles/CMakeTmp

Run Build Command:"/usr/bin/make" "cmTC_616a2/fast"
/usr/bin/make -f CMakeFiles/cmTC_616a2.dir/build.make CMakeFiles/cmTC_616a2.dir/build
make[1]: Entering directory '/home/sachith/Documents/Personal/Projects/datastructures/build/CMakeFiles/CMakeTmp'
Building C object CMakeFiles/cmTC_616a2.dir/CheckSymbolExists.c.o
/usr/bin/x86_64-linux-gnu-gcc-8   -fPIE   -o CMakeFiles/cmTC_616a2.dir/CheckSymbolExists.c.o   -c /home/sachith/Documents/Personal/Projects/datastructures/build/CMakeFiles/CMakeTmp/CheckSymbolExists.c
Linking C executable cmTC_616a2
/usr/bin/cmake -E cmake_link_script CMakeFiles/cmTC_616a2.dir/link.txt --verbose=1
/usr/bin/x86_64-linux-gnu-gcc-8      -rdynamic CMakeFiles/cmTC_616a2.dir/CheckSymbolExists.c.o  -o cmTC_616a2 
/usr/bin/ld: CMakeFiles/cmTC_616a2.dir/CheckSymbolExists.c.o: in function `main':
CheckSymbolExists.c:(.text+0x1b): undefined reference to `pthread_create'
collect2: error: ld returned 1 exit status
make[1]: *** [CMakeFiles/cmTC_616a2.dir/build.make:87: cmTC_616a2] Error 1
make[1]: Leaving directory '/home/sachith/Documents/Personal/Projects/datastructures/build/CMakeFiles/CMakeTmp'
make: *** [Makefile:121: cmTC_616a2/fast] Error 2

File /home/sachith/Documents/Personal/Projects/datastructures/build/CMakeFiles/CMakeTmp/CheckSymbolExists.c:
/* */
#include <pthread.h>

int main(int argc, char** argv)
{
  (void)argv;
#ifndef pthread_create
  return ((int*)(&pthread_create))[argc];
#else
  (void)argc;
  return 0;
#endif
}

Determining if the function pthread_create exists in the pthreads failed with the following output:
Change Dir: /home/sachith/Documents/Personal/Projects/datastructures/build/CMakeFiles/CMakeTmp

Run Build Command:"/usr/bin/make" "cmTC_86fb7/fast"
/usr/bin/make -f CMakeFiles/cmTC_86fb7.dir/build.make CMakeFiles/cmTC_86fb7.dir/build
make[1]: Entering directory '/home/sachith/Documents/Personal/Projects/datastructures/build/CMakeFiles/CMakeTmp'
Building C object CMakeFiles/cmTC_86fb7.dir/CheckFunctionExists.c.o
/usr/bin/x86_64-linux-gnu-gcc-8   -DCHECK_FUNCTION_EXISTS=pthread_create -fPIE   -o CMakeFiles/cmTC_86fb7.dir/CheckFunctionExists.c.o   -c /usr/share/cmake-3.13/Modules/CheckFunctionExists.c
Linking C executable cmTC_86fb7
/usr/bin/cmake -E cmake_link_script CMakeFiles/cmTC_86fb7.dir/link.txt --verbose=1
/usr/bin/x86_64-linux-gnu-gcc-8  -DCHECK_FUNCTION_EXISTS=pthread_create    -rdynamic CMakeFiles/cmTC_86fb7.dir/CheckFunctionExists.c.o  -o cmTC_86fb7 -lpthreads 
/usr/bin/ld: cannot find -lpthreads
collect2: error: ld returned 1 exit status
make[1]: *** [CMakeFiles/cmTC_86fb7.dir/build.make:87: cmTC_86fb7] Error 1
make[1]: Leaving directory '/home/sachith/Documents/Personal/Projects/datastructures/build/CMakeFiles/CMakeTmp'
make: *** [Makefile:121: cmTC_86fb7/fast] Error 2


