The system is: Linux - sh: 0: getcwd() failed: No such file or directory
4.19.0-18-amd64 - sh: 0: getcwd() failed: No such file or directory
x86_64
Determining if the CXX compiler works passed with the following output:
Change Dir: /home/sachith/Documents/Personal/Projects/datastructures/build/CMakeFiles/CMakeTmp

Run Build Command:"/usr/bin/make" "cmTC_6140e/fast"
/usr/bin/make -f CMakeFiles/cmTC_6140e.dir/build.make CMakeFiles/cmTC_6140e.dir/build
make[1]: Entering directory '/home/sachith/Documents/Personal/Projects/datastructures/build/CMakeFiles/CMakeTmp'
Building CXX object CMakeFiles/cmTC_6140e.dir/testCXXCompiler.cxx.o
/usr/bin/x86_64-linux-gnu-g++-8     -o CMakeFiles/cmTC_6140e.dir/testCXXCompiler.cxx.o -c /home/sachith/Documents/Personal/Projects/datastructures/build/CMakeFiles/CMakeTmp/testCXXCompiler.cxx
Linking CXX executable cmTC_6140e
/usr/bin/cmake -E cmake_link_script CMakeFiles/cmTC_6140e.dir/link.txt --verbose=1
/usr/bin/x86_64-linux-gnu-g++-8       CMakeFiles/cmTC_6140e.dir/testCXXCompiler.cxx.o  -o cmTC_6140e 
make[1]: Leaving directory '/home/sachith/Documents/Personal/Projects/datastructures/build/CMakeFiles/CMakeTmp'


Detecting CXX compiler ABI info compiled with the following output:
Change Dir: /home/sachith/Documents/Personal/Projects/datastructures/build/CMakeFiles/CMakeTmp

Run Build Command:"/usr/bin/make" "cmTC_4d0c0/fast"
/usr/bin/make -f CMakeFiles/cmTC_4d0c0.dir/build.make CMakeFiles/cmTC_4d0c0.dir/build
make[1]: Entering directory '/home/sachith/Documents/Personal/Projects/datastructures/build/CMakeFiles/CMakeTmp'
Building CXX object CMakeFiles/cmTC_4d0c0.dir/CMakeCXXCompilerABI.cpp.o
/usr/bin/x86_64-linux-gnu-g++-8     -o CMakeFiles/cmTC_4d0c0.dir/CMakeCXXCompilerABI.cpp.o -c /usr/share/cmake-3.13/Modules/CMakeCXXCompilerABI.cpp
Linking CXX executable cmTC_4d0c0
/usr/bin/cmake -E cmake_link_script CMakeFiles/cmTC_4d0c0.dir/link.txt --verbose=1
/usr/bin/x86_64-linux-gnu-g++-8       CMakeFiles/cmTC_4d0c0.dir/CMakeCXXCompilerABI.cpp.o  -o cmTC_4d0c0 
make[1]: Leaving directory '/home/sachith/Documents/Personal/Projects/datastructures/build/CMakeFiles/CMakeTmp'


